# JRE version: Java(TM) SE Runtime Environment (8.0_112-b15) (build 1.8.0_112-b15)
# Java VM: Java HotSpot(TM) 64-Bit Server VM (25.112-b15 mixed mode windows-amd64 compressed oops)
Heap:
 PSYoungGen      total 56320K, used 23485K [0x00000007bc400000, 0x00000007c0000000, 0x00000007c0000000)
  eden space 51200K, 38% used [0x00000007bc400000,0x00000007bd70c8b0,0x00000007bf600000)
  from space 5120K, 77% used [0x00000007bf600000,0x00000007bf9e2d50,0x00000007bfb00000)
  to   space 5120K, 0% used [0x00000007bfb00000,0x00000007bfb00000,0x00000007c0000000)
 ParOldGen       total 153600K, used 107816K [0x0000000700000000, 0x0000000709600000, 0x00000007bc400000)
  object space 153600K, 70% used [0x0000000700000000,0x000000070694a3d8,0x0000000709600000)
 Metaspace       used 86754K, capacity 87565K, committed 88192K, reserved 1124352K
  class space    used 12470K, capacity 12646K, committed 12672K, reserved 1048576K
GC Heap History (10 events):
Event: 15383.859 GC heap before
{Heap before GC invocations=718 (full 17):
 PSYoungGen      total 56320K, used 54809K [0x00000007bc400000, 0x00000007c0000000, 0x00000007c0000000)
  eden space 51200K, 100% used [0x00000007bc400000,0x00000007bf600000,0x00000007bf600000)
  from space 5120K, 70% used [0x00000007bfb00000,0x00000007bfe867b0,0x00000007c0000000)
  to   space 5120K, 0% used [0x00000007bf600000,0x00000007bf600000,0x00000007bfb00000)
 ParOldGen       total 153600K, used 106556K [0x0000000700000000, 0x0000000709600000, 0x00000007bc400000)
  object space 153600K, 69% used [0x0000000700000000,0x000000070680f338,0x0000000709600000)
 Metaspace       used 86728K, capacity 87565K, committed 88192K, reserved 1124352K
  class space    used 12470K, capacity 12646K, committed 12672K, reserved 1048576K
Event: 15383.867 GC heap after
Heap after GC invocations=718 (full 17):
 PSYoungGen      total 56320K, used 3513K [0x00000007bc400000, 0x00000007c0000000, 0x00000007c0000000)
  eden space 51200K, 0% used [0x00000007bc400000,0x00000007bc400000,0x00000007bf600000)
  from space 5120K, 68% used [0x00000007bf600000,0x00000007bf96e7b0,0x00000007bfb00000)
  to   space 5120K, 0% used [0x00000007bfb00000,0x00000007bfb00000,0x00000007c0000000)
 ParOldGen       total 153600K, used 106744K [0x0000000700000000, 0x0000000709600000, 0x00000007bc400000)
  object space 153600K, 69% used [0x0000000700000000,0x000000070683e368,0x0000000709600000)
 Metaspace       used 86728K, capacity 87565K, committed 88192K, reserved 1124352K
  class space    used 12470K, capacity 12646K, committed 12672K, reserved 1048576K
}
Event: 15384.306 GC heap before
{Heap before GC invocations=719 (full 17):
 PSYoungGen      total 56320K, used 54713K [0x00000007bc400000, 0x00000007c0000000, 0x00000007c0000000)
  eden space 51200K, 100% used [0x00000007bc400000,0x00000007bf600000,0x00000007bf600000)
  from space 5120K, 68% used [0x00000007bf600000,0x00000007bf96e7b0,0x00000007bfb00000)
  to   space 5120K, 0% used [0x00000007bfb00000,0x00000007bfb00000,0x00000007c0000000)
 ParOldGen       total 153600K, used 106744K [0x0000000700000000, 0x0000000709600000, 0x00000007bc400000)
  object space 153600K, 69% used [0x0000000700000000,0x000000070683e368,0x0000000709600000)
 Metaspace       used 86736K, capacity 87565K, committed 88192K, reserved 1124352K
  class space    used 12470K, capacity 12646K, committed 12672K, reserved 1048576K
Event: 15384.314 GC heap after
Heap after GC invocations=719 (full 17):
 PSYoungGen      total 56320K, used 3225K [0x00000007bc400000, 0x00000007c0000000, 0x00000007c0000000)
  eden space 51200K, 0% used [0x00000007bc400000,0x00000007bc400000,0x00000007bf600000)
  from space 5120K, 63% used [0x00000007bfb00000,0x00000007bfe267b0,0x00000007c0000000)
  to   space 5120K, 0% used [0x00000007bf600000,0x00000007bf600000,0x00000007bfb00000)
 ParOldGen       total 153600K, used 107232K [0x0000000700000000, 0x0000000709600000, 0x00000007bc400000)
  object space 153600K, 69% used [0x0000000700000000,0x00000007068b83c8,0x0000000709600000)
 Metaspace       used 86736K, capacity 87565K, committed 88192K, reserved 1124352K
  class space    used 12470K, capacity 12646K, committed 12672K, reserved 1048576K
}
Event: 15384.597 GC heap before
{Heap before GC invocations=720 (full 17):
 PSYoungGen      total 56320K, used 54425K [0x00000007bc400000, 0x00000007c0000000, 0x00000007c0000000)
  eden space 51200K, 100% used [0x00000007bc400000,0x00000007bf600000,0x00000007bf600000)
  from space 5120K, 63% used [0x00000007bfb00000,0x00000007bfe267b0,0x00000007c0000000)
  to   space 5120K, 0% used [0x00000007bf600000,0x00000007bf600000,0x00000007bfb00000)
 ParOldGen       total 153600K, used 107232K [0x0000000700000000, 0x0000000709600000, 0x00000007bc400000)
  object space 153600K, 69% used [0x0000000700000000,0x00000007068b83c8,0x0000000709600000)
 Metaspace       used 86737K, capacity 87565K, committed 88192K, reserved 1124352K
  class space    used 12470K, capacity 12646K, committed 12672K, reserved 1048576K
Event: 15384.604 GC heap after
Heap after GC invocations=720 (full 17):
 PSYoungGen      total 56320K, used 3392K [0x00000007bc400000, 0x00000007c0000000, 0x00000007c0000000)
  eden space 51200K, 0% used [0x00000007bc400000,0x00000007bc400000,0x00000007bf600000)
  from space 5120K, 66% used [0x00000007bf600000,0x00000007bf950000,0x00000007bfb00000)
  to   space 5120K, 0% used [0x00000007bfb00000,0x00000007bfb00000,0x00000007c0000000)
 ParOldGen       total 153600K, used 107232K [0x0000000700000000, 0x0000000709600000, 0x00000007bc400000)
  object space 153600K, 69% used [0x0000000700000000,0x00000007068b83c8,0x0000000709600000)
 Metaspace       used 86737K, capacity 87565K, committed 88192K, reserved 1124352K
  class space    used 12470K, capacity 12646K, committed 12672K, reserved 1048576K
}
Event: 15385.036 GC heap before
{Heap before GC invocations=721 (full 17):
 PSYoungGen      total 56320K, used 54592K [0x00000007bc400000, 0x00000007c0000000, 0x00000007c0000000)
  eden space 51200K, 100% used [0x00000007bc400000,0x00000007bf600000,0x00000007bf600000)
  from space 5120K, 66% used [0x00000007bf600000,0x00000007bf950000,0x00000007bfb00000)
  to   space 5120K, 0% used [0x00000007bfb00000,0x00000007bfb00000,0x00000007c0000000)
 ParOldGen       total 153600K, used 107232K [0x0000000700000000, 0x0000000709600000, 0x00000007bc400000)
  object space 153600K, 69% used [0x0000000700000000,0x00000007068b83c8,0x0000000709600000)
 Metaspace       used 86744K, capacity 87565K, committed 88192K, reserved 1124352K
  class space    used 12470K, capacity 12646K, committed 12672K, reserved 1048576K
Event: 15385.045 GC heap after
Heap after GC invocations=721 (full 17):
 PSYoungGen      total 56320K, used 2873K [0x00000007bc400000, 0x00000007c0000000, 0x00000007c0000000)
  eden space 51200K, 0% used [0x00000007bc400000,0x00000007bc400000,0x00000007bf600000)
  from space 5120K, 56% used [0x00000007bfb00000,0x00000007bfdce7b0,0x00000007c0000000)
  to   space 5120K, 0% used [0x00000007bf600000,0x00000007bf600000,0x00000007bfb00000)
 ParOldGen       total 153600K, used 107680K [0x0000000700000000, 0x0000000709600000, 0x00000007bc400000)
  object space 153600K, 70% used [0x0000000700000000,0x00000007069283c8,0x0000000709600000)
 Metaspace       used 86744K, capacity 87565K, committed 88192K, reserved 1124352K
  class space    used 12470K, capacity 12646K, committed 12672K, reserved 1048576K
}
Event: 15387.556 GC heap before
{Heap before GC invocations=722 (full 17):
 PSYoungGen      total 56320K, used 54073K [0x00000007bc400000, 0x00000007c0000000, 0x00000007c0000000)
  eden space 51200K, 100% used [0x00000007bc400000,0x00000007bf600000,0x00000007bf600000)
  from space 5120K, 56% used [0x00000007bfb00000,0x00000007bfdce7b0,0x00000007c0000000)
  to   space 5120K, 0% used [0x00000007bf600000,0x00000007bf600000,0x00000007bfb00000)
 ParOldGen       total 153600K, used 107680K [0x0000000700000000, 0x0000000709600000, 0x00000007bc400000)
  object space 153600K, 70% used [0x0000000700000000,0x00000007069283c8,0x0000000709600000)
 Metaspace       used 86750K, capacity 87565K, committed 88192K, reserved 1124352K
  class space    used 12470K, capacity 12646K, committed 12672K, reserved 1048576K
Event: 15387.566 GC heap after
Heap after GC invocations=722 (full 17):
 PSYoungGen      total 56320K, used 3979K [0x00000007bc400000, 0x00000007c0000000, 0x00000007c0000000)
  eden space 51200K, 0% used [0x00000007bc400000,0x00000007bc400000,0x00000007bf600000)
  from space 5120K, 77% used [0x00000007bf600000,0x00000007bf9e2d50,0x00000007bfb00000)
  to   space 5120K, 0% used [0x00000007bfb00000,0x00000007bfb00000,0x00000007c0000000)
 ParOldGen       total 153600K, used 107816K [0x0000000700000000, 0x0000000709600000, 0x00000007bc400000)
  object space 153600K, 70% used [0x0000000700000000,0x000000070694a3d8,0x0000000709600000)
 Metaspace       used 86750K, capacity 87565K, committed 88192K, reserved 1124352K
  class space    used 12470K, capacity 12646K, committed 12672K, reserved 1048576K
}

